[debug] [2025-03-03T03:36:46.975Z] ----------------------------------------------------------------------
[debug] [2025-03-03T03:36:46.978Z] Command:       /usr/local/bin/node /usr/local/bin/firebase emulators:start
[debug] [2025-03-03T03:36:46.978Z] CLI Version:   13.32.0
[debug] [2025-03-03T03:36:46.979Z] Platform:      darwin
[debug] [2025-03-03T03:36:46.979Z] Node Version:  v20.11.1
[debug] [2025-03-03T03:36:46.979Z] Time:          Mon Mar 03 2025 12:36:46 GMT+0900 (Japan Standard Time)
[debug] [2025-03-03T03:36:46.979Z] ----------------------------------------------------------------------
[debug] 
[debug] [2025-03-03T03:36:47.190Z] > command requires scopes: ["email","openid","https://www.googleapis.com/auth/cloudplatformprojects.readonly","https://www.googleapis.com/auth/firebase","https://www.googleapis.com/auth/cloud-platform"]
[debug] [2025-03-03T03:36:47.190Z] > authorizing via signed-in user (tomooka.engineer@gmail.com)
[debug] [2025-03-03T03:36:47.263Z] openjdk version "17.0.13" 2024-10-15
OpenJDK Runtime Environment Homebrew (build 17.0.13+0)

[debug] [2025-03-03T03:36:47.264Z] OpenJDK 64-Bit Server VM Homebrew (build 17.0.13+0, mixed mode, sharing)

[debug] [2025-03-03T03:36:47.268Z] Parsed Java major version: 17
[info] i  emulators: Starting emulators: auth, firestore, storage {"metadata":{"emulator":{"name":"hub"},"message":"Starting emulators: auth, firestore, storage"}}
[debug] [2025-03-03T03:36:49.635Z] [logging] Logging Emulator only supports listening on one address (127.0.0.1). Not listening on ::1
[debug] [2025-03-03T03:36:49.635Z] [auth] Authentication Emulator only supports listening on one address (127.0.0.1). Not listening on ::1
[debug] [2025-03-03T03:36:49.635Z] [firestore] Firestore Emulator only supports listening on one address (127.0.0.1). Not listening on ::1
[debug] [2025-03-03T03:36:49.635Z] [firestore.websocket] websocket server for firestore only supports listening on one address (127.0.0.1). Not listening on ::1
[debug] [2025-03-03T03:36:49.635Z] [storage] Storage Emulator only supports listening on one address (127.0.0.1). Not listening on ::1
[debug] [2025-03-03T03:36:49.636Z] assigned listening specs for emulators {"user":{"hub":[{"address":"127.0.0.1","family":"IPv4","port":4400},{"address":"::1","family":"IPv6","port":4400}],"ui":[{"address":"127.0.0.1","family":"IPv4","port":4000},{"address":"::1","family":"IPv6","port":4000}],"logging":[{"address":"127.0.0.1","family":"IPv4","port":4500}],"auth":[{"address":"127.0.0.1","family":"IPv4","port":9099}],"firestore":[{"address":"127.0.0.1","family":"IPv4","port":8080}],"firestore.websocket":[{"address":"127.0.0.1","family":"IPv4","port":9150}],"storage":[{"address":"127.0.0.1","family":"IPv4","port":9199}]},"metadata":{"message":"assigned listening specs for emulators"}}
[debug] [2025-03-03T03:36:49.640Z] [hub] writing locator at /var/folders/5b/94n6440n5s5c65p7mswmz33w0000gq/T/hub-tiktok-landscape-clone.json
[debug] [2025-03-03T03:36:49.648Z] Ignoring unsupported arg: auto_download {"metadata":{"emulator":{"name":"firestore"},"message":"Ignoring unsupported arg: auto_download"}}
[debug] [2025-03-03T03:36:49.648Z] Ignoring unsupported arg: single_project_mode_error {"metadata":{"emulator":{"name":"firestore"},"message":"Ignoring unsupported arg: single_project_mode_error"}}
[debug] [2025-03-03T03:36:49.648Z] Starting Firestore Emulator with command {"binary":"java","args":["-Dgoogle.cloud_firestore.debug_log_level=FINE","-Duser.language=en","-jar","/Users/kota.tomooka/.cache/firebase/emulators/cloud-firestore-emulator-v1.19.8.jar","--host","127.0.0.1","--port",8080,"--websocket_port",9150,"--project_id","tiktok-landscape-clone","--rules","/Users/kota.tomooka/IdeaProjects/landscape-tiktok-clone/firestore.rules","--single_project_mode",true],"optionalArgs":["port","webchannel_port","host","rules","websocket_port","functions_emulator","seed_from_export","project_id","single_project_mode"],"joinArgs":false,"shell":false,"port":8080} {"metadata":{"emulator":{"name":"firestore"},"message":"Starting Firestore Emulator with command {\"binary\":\"java\",\"args\":[\"-Dgoogle.cloud_firestore.debug_log_level=FINE\",\"-Duser.language=en\",\"-jar\",\"/Users/kota.tomooka/.cache/firebase/emulators/cloud-firestore-emulator-v1.19.8.jar\",\"--host\",\"127.0.0.1\",\"--port\",8080,\"--websocket_port\",9150,\"--project_id\",\"tiktok-landscape-clone\",\"--rules\",\"/Users/kota.tomooka/IdeaProjects/landscape-tiktok-clone/firestore.rules\",\"--single_project_mode\",true],\"optionalArgs\":[\"port\",\"webchannel_port\",\"host\",\"rules\",\"websocket_port\",\"functions_emulator\",\"seed_from_export\",\"project_id\",\"single_project_mode\"],\"joinArgs\":false,\"shell\":false,\"port\":8080}"}}
[info] i  firestore: Firestore Emulator logging to firestore-debug.log {"metadata":{"emulator":{"name":"firestore"},"message":"Firestore Emulator logging to firestore-debug.log"}}
[debug] [2025-03-03T03:36:50.612Z] Mar 03, 2025 12:36:50 PM com.google.cloud.datastore.emulator.firestore.websocket.WebSocketServer start
INFO: Started WebSocket server on ws://127.0.0.1:9150
 {"metadata":{"emulator":{"name":"firestore"},"message":"Mar 03, 2025 12:36:50 PM com.google.cloud.datastore.emulator.firestore.websocket.WebSocketServer start\nINFO: Started WebSocket server on ws://127.0.0.1:9150\n"}}
[debug] [2025-03-03T03:36:50.632Z] API endpoint: http://127.0.0.1:8080 {"metadata":{"emulator":{"name":"firestore"},"message":"API endpoint: http://127.0.0.1:8080"}}
[debug] [2025-03-03T03:36:50.633Z] 
If you are using a library that supports the FIRESTORE_EMULATOR_HOST environment variable, run:

   export FIRESTORE_EMULATOR_HOST=127.0.0.1:8080

If you are running a Firestore in Datastore Mode project, run:

   export DATASTORE_EMULATOR_HOST=127.0.0.1:8080

Note: Support for Datastore Mode is in preview. If you encounter any bugs please file at https://github.com/firebase/firebase-tools/issues.
Dev App Server is now running.

 {"metadata":{"emulator":{"name":"firestore"},"message":"\nIf you are using a library that supports the FIRESTORE_EMULATOR_HOST environment variable, run:\n\n   export FIRESTORE_EMULATOR_HOST=127.0.0.1:8080\n\nIf you are running a Firestore in Datastore Mode project, run:\n\n   export DATASTORE_EMULATOR_HOST=127.0.0.1:8080\n\nNote: Support for Datastore Mode is in preview. If you encounter any bugs please file at https://github.com/firebase/firebase-tools/issues.\nDev App Server is now running.\n\n"}}
[info] ✔  firestore: Firestore Emulator UI websocket is running on 9150. {"metadata":{"emulator":{"name":"firestore"},"message":"Firestore Emulator UI websocket is running on 9150."}}
[info] i  storage: downloading cloud-storage-rules-runtime-v1.1.3.jar... {"metadata":{"emulator":{"name":"storage"},"message":"downloading cloud-storage-rules-runtime-v1.1.3.jar..."}}
[debug] [2025-03-03T03:36:56.560Z] >>> [apiv2][query] GET https://storage.googleapis.com/firebase-preview-drop/emulator/cloud-storage-rules-runtime-v1.1.3.jar 
[debug] [2025-03-03T03:36:56.923Z] <<< [apiv2][status] GET https://storage.googleapis.com/firebase-preview-drop/emulator/cloud-storage-rules-runtime-v1.1.3.jar 200
[debug] [2025-03-03T03:36:56.924Z] <<< [apiv2][body] GET https://storage.googleapis.com/firebase-preview-drop/emulator/cloud-storage-rules-runtime-v1.1.3.jar [stream]
[debug] [2025-03-03T03:37:08.377Z] Ignoring unsupported arg: port {"metadata":{"emulator":{"name":"storage"},"message":"Ignoring unsupported arg: port"}}
[debug] [2025-03-03T03:37:09.082Z] Temp file directory for storage emulator: /var/folders/5b/94n6440n5s5c65p7mswmz33w0000gq/T/firebase/storage/blobs {"metadata":{"emulator":{"name":"storage"},"message":"Temp file directory for storage emulator: /var/folders/5b/94n6440n5s5c65p7mswmz33w0000gq/T/firebase/storage/blobs"}}
[info] i  ui: downloading ui-v1.14.0.zip... {"metadata":{"emulator":{"name":"ui"},"message":"downloading ui-v1.14.0.zip..."}}
[debug] [2025-03-03T03:37:09.099Z] >>> [apiv2][query] GET https://storage.googleapis.com/firebase-preview-drop/emulator/ui-v1.14.0.zip 
[debug] [2025-03-03T03:37:09.118Z] <<< [apiv2][status] GET https://storage.googleapis.com/firebase-preview-drop/emulator/ui-v1.14.0.zip 200
[debug] [2025-03-03T03:37:09.118Z] <<< [apiv2][body] GET https://storage.googleapis.com/firebase-preview-drop/emulator/ui-v1.14.0.zip [stream]
[debug] [2025-03-03T03:37:09.699Z] Data is 3615311
[debug] [2025-03-03T03:37:09.699Z] [unzip] Entry: client/ (compressed_size=0 bytes, uncompressed_size=0 bytes)
[debug] [2025-03-03T03:37:09.700Z] [unzip] Processing entry: client/
[debug] [2025-03-03T03:37:09.700Z] [unzip] mkdir: /Users/kota.tomooka/.cache/firebase/emulators/ui-v1.14.0/client/
[debug] [2025-03-03T03:37:09.701Z] [unzip] Entry: client/favicon-16x16.png (compressed_size=293 bytes, uncompressed_size=293 bytes)
[debug] [2025-03-03T03:37:09.701Z] [unzip] Processing entry: client/favicon-16x16.png
[debug] [2025-03-03T03:37:09.701Z] [unzip] else mkdir: /Users/kota.tomooka/.cache/firebase/emulators/ui-v1.14.0/client
[debug] [2025-03-03T03:37:09.701Z] [unzip] Writing file: /Users/kota.tomooka/.cache/firebase/emulators/ui-v1.14.0/client/favicon-16x16.png
[debug] [2025-03-03T03:37:09.702Z] [unzip] Entry: client/safari-pinned-tab.svg (compressed_size=1433 bytes, uncompressed_size=2611 bytes)
[debug] [2025-03-03T03:37:09.702Z] [unzip] Processing entry: client/safari-pinned-tab.svg
[debug] [2025-03-03T03:37:09.702Z] [unzip] else mkdir: /Users/kota.tomooka/.cache/firebase/emulators/ui-v1.14.0/client
[debug] [2025-03-03T03:37:09.703Z] [unzip] deflating: /Users/kota.tomooka/.cache/firebase/emulators/ui-v1.14.0/client/safari-pinned-tab.svg
[debug] [2025-03-03T03:37:09.707Z] [unzip] Entry: client/favicon.ico (compressed_size=2933 bytes, uncompressed_size=13294 bytes)
[debug] [2025-03-03T03:37:09.707Z] [unzip] Processing entry: client/favicon.ico
[debug] [2025-03-03T03:37:09.707Z] [unzip] else mkdir: /Users/kota.tomooka/.cache/firebase/emulators/ui-v1.14.0/client
[debug] [2025-03-03T03:37:09.707Z] [unzip] deflating: /Users/kota.tomooka/.cache/firebase/emulators/ui-v1.14.0/client/favicon.ico
[debug] [2025-03-03T03:37:09.709Z] [unzip] Entry: client/index.html (compressed_size=1363 bytes, uncompressed_size=3071 bytes)
[debug] [2025-03-03T03:37:09.709Z] [unzip] Processing entry: client/index.html
[debug] [2025-03-03T03:37:09.709Z] [unzip] else mkdir: /Users/kota.tomooka/.cache/firebase/emulators/ui-v1.14.0/client
[debug] [2025-03-03T03:37:09.709Z] [unzip] deflating: /Users/kota.tomooka/.cache/firebase/emulators/ui-v1.14.0/client/index.html
[debug] [2025-03-03T03:37:09.711Z] [unzip] Entry: client/android-chrome-192x192.png (compressed_size=2684 bytes, uncompressed_size=2684 bytes)
[debug] [2025-03-03T03:37:09.711Z] [unzip] Processing entry: client/android-chrome-192x192.png
[debug] [2025-03-03T03:37:09.711Z] [unzip] else mkdir: /Users/kota.tomooka/.cache/firebase/emulators/ui-v1.14.0/client
[debug] [2025-03-03T03:37:09.711Z] [unzip] Writing file: /Users/kota.tomooka/.cache/firebase/emulators/ui-v1.14.0/client/android-chrome-192x192.png
[debug] [2025-03-03T03:37:09.712Z] [unzip] Entry: client/apple-touch-icon.png (compressed_size=2123 bytes, uncompressed_size=2152 bytes)
[debug] [2025-03-03T03:37:09.712Z] [unzip] Processing entry: client/apple-touch-icon.png
[debug] [2025-03-03T03:37:09.712Z] [unzip] else mkdir: /Users/kota.tomooka/.cache/firebase/emulators/ui-v1.14.0/client
[debug] [2025-03-03T03:37:09.712Z] [unzip] deflating: /Users/kota.tomooka/.cache/firebase/emulators/ui-v1.14.0/client/apple-touch-icon.png
[debug] [2025-03-03T03:37:09.713Z] [unzip] Entry: client/android-chrome-512x512.png (compressed_size=5369 bytes, uncompressed_size=5411 bytes)
[debug] [2025-03-03T03:37:09.713Z] [unzip] Processing entry: client/android-chrome-512x512.png
[debug] [2025-03-03T03:37:09.713Z] [unzip] else mkdir: /Users/kota.tomooka/.cache/firebase/emulators/ui-v1.14.0/client
[debug] [2025-03-03T03:37:09.714Z] [unzip] deflating: /Users/kota.tomooka/.cache/firebase/emulators/ui-v1.14.0/client/android-chrome-512x512.png
[debug] [2025-03-03T03:37:09.715Z] [unzip] Entry: client/manifest.json (compressed_size=245 bytes, uncompressed_size=551 bytes)
[debug] [2025-03-03T03:37:09.715Z] [unzip] Processing entry: client/manifest.json
[debug] [2025-03-03T03:37:09.715Z] [unzip] else mkdir: /Users/kota.tomooka/.cache/firebase/emulators/ui-v1.14.0/client
[debug] [2025-03-03T03:37:09.715Z] [unzip] deflating: /Users/kota.tomooka/.cache/firebase/emulators/ui-v1.14.0/client/manifest.json
[debug] [2025-03-03T03:37:09.716Z] [unzip] Entry: client/robots.txt (compressed_size=26 bytes, uncompressed_size=26 bytes)
[debug] [2025-03-03T03:37:09.716Z] [unzip] Processing entry: client/robots.txt
[debug] [2025-03-03T03:37:09.716Z] [unzip] else mkdir: /Users/kota.tomooka/.cache/firebase/emulators/ui-v1.14.0/client
[debug] [2025-03-03T03:37:09.717Z] [unzip] Writing file: /Users/kota.tomooka/.cache/firebase/emulators/ui-v1.14.0/client/robots.txt
[debug] [2025-03-03T03:37:09.717Z] [unzip] Entry: client/mstile-150x150.png (compressed_size=2034 bytes, uncompressed_size=2034 bytes)
[debug] [2025-03-03T03:37:09.717Z] [unzip] Processing entry: client/mstile-150x150.png
[debug] [2025-03-03T03:37:09.717Z] [unzip] else mkdir: /Users/kota.tomooka/.cache/firebase/emulators/ui-v1.14.0/client
[debug] [2025-03-03T03:37:09.718Z] [unzip] Writing file: /Users/kota.tomooka/.cache/firebase/emulators/ui-v1.14.0/client/mstile-150x150.png
[debug] [2025-03-03T03:37:09.718Z] [unzip] Entry: client/assets/ (compressed_size=0 bytes, uncompressed_size=0 bytes)
[debug] [2025-03-03T03:37:09.718Z] [unzip] Processing entry: client/assets/
[debug] [2025-03-03T03:37:09.718Z] [unzip] mkdir: /Users/kota.tomooka/.cache/firebase/emulators/ui-v1.14.0/client/assets/
[debug] [2025-03-03T03:37:09.719Z] [unzip] Entry: client/assets/index-ClZTY_JS.js.map (compressed_size=2328270 bytes, uncompressed_size=9947004 bytes)
[debug] [2025-03-03T03:37:09.719Z] [unzip] Processing entry: client/assets/index-ClZTY_JS.js.map
[debug] [2025-03-03T03:37:09.719Z] [unzip] else mkdir: /Users/kota.tomooka/.cache/firebase/emulators/ui-v1.14.0/client/assets
[debug] [2025-03-03T03:37:09.719Z] [unzip] deflating: /Users/kota.tomooka/.cache/firebase/emulators/ui-v1.14.0/client/assets/index-ClZTY_JS.js.map
[debug] [2025-03-03T03:37:09.762Z] [unzip] Entry: client/assets/index-ClZTY_JS.js (compressed_size=567195 bytes, uncompressed_size=2035940 bytes)
[debug] [2025-03-03T03:37:09.762Z] [unzip] Processing entry: client/assets/index-ClZTY_JS.js
[debug] [2025-03-03T03:37:09.762Z] [unzip] else mkdir: /Users/kota.tomooka/.cache/firebase/emulators/ui-v1.14.0/client/assets
[debug] [2025-03-03T03:37:09.762Z] [unzip] deflating: /Users/kota.tomooka/.cache/firebase/emulators/ui-v1.14.0/client/assets/index-ClZTY_JS.js
[debug] [2025-03-03T03:37:09.770Z] [unzip] Entry: client/assets/index-BdgySamB.css (compressed_size=35979 bytes, uncompressed_size=298654 bytes)
[debug] [2025-03-03T03:37:09.770Z] [unzip] Processing entry: client/assets/index-BdgySamB.css
[debug] [2025-03-03T03:37:09.770Z] [unzip] else mkdir: /Users/kota.tomooka/.cache/firebase/emulators/ui-v1.14.0/client/assets
[debug] [2025-03-03T03:37:09.770Z] [unzip] deflating: /Users/kota.tomooka/.cache/firebase/emulators/ui-v1.14.0/client/assets/index-BdgySamB.css
[debug] [2025-03-03T03:37:09.772Z] [unzip] Entry: client/assets/extensions/ (compressed_size=0 bytes, uncompressed_size=0 bytes)
[debug] [2025-03-03T03:37:09.772Z] [unzip] Processing entry: client/assets/extensions/
[debug] [2025-03-03T03:37:09.772Z] [unzip] mkdir: /Users/kota.tomooka/.cache/firebase/emulators/ui-v1.14.0/client/assets/extensions/
[debug] [2025-03-03T03:37:09.773Z] [unzip] Entry: client/assets/extensions/default-extension.png (compressed_size=1646 bytes, uncompressed_size=1657 bytes)
[debug] [2025-03-03T03:37:09.773Z] [unzip] Processing entry: client/assets/extensions/default-extension.png
[debug] [2025-03-03T03:37:09.773Z] [unzip] else mkdir: /Users/kota.tomooka/.cache/firebase/emulators/ui-v1.14.0/client/assets/extensions
[debug] [2025-03-03T03:37:09.773Z] [unzip] deflating: /Users/kota.tomooka/.cache/firebase/emulators/ui-v1.14.0/client/assets/extensions/default-extension.png
[debug] [2025-03-03T03:37:09.774Z] [unzip] Entry: client/assets/img/ (compressed_size=0 bytes, uncompressed_size=0 bytes)
[debug] [2025-03-03T03:37:09.774Z] [unzip] Processing entry: client/assets/img/
[debug] [2025-03-03T03:37:09.775Z] [unzip] mkdir: /Users/kota.tomooka/.cache/firebase/emulators/ui-v1.14.0/client/assets/img/
[debug] [2025-03-03T03:37:09.775Z] [unzip] Entry: client/assets/img/database.png (compressed_size=29449 bytes, uncompressed_size=29988 bytes)
[debug] [2025-03-03T03:37:09.775Z] [unzip] Processing entry: client/assets/img/database.png
[debug] [2025-03-03T03:37:09.775Z] [unzip] else mkdir: /Users/kota.tomooka/.cache/firebase/emulators/ui-v1.14.0/client/assets/img
[debug] [2025-03-03T03:37:09.775Z] [unzip] deflating: /Users/kota.tomooka/.cache/firebase/emulators/ui-v1.14.0/client/assets/img/database.png
[debug] [2025-03-03T03:37:09.777Z] [unzip] Entry: client/assets/provider-icons/ (compressed_size=0 bytes, uncompressed_size=0 bytes)
[debug] [2025-03-03T03:37:09.777Z] [unzip] Processing entry: client/assets/provider-icons/
[debug] [2025-03-03T03:37:09.777Z] [unzip] mkdir: /Users/kota.tomooka/.cache/firebase/emulators/ui-v1.14.0/client/assets/provider-icons/
[debug] [2025-03-03T03:37:09.777Z] [unzip] Entry: client/assets/provider-icons/auth_service_saml.svg (compressed_size=575 bytes, uncompressed_size=1226 bytes)
[debug] [2025-03-03T03:37:09.777Z] [unzip] Processing entry: client/assets/provider-icons/auth_service_saml.svg
[debug] [2025-03-03T03:37:09.777Z] [unzip] else mkdir: /Users/kota.tomooka/.cache/firebase/emulators/ui-v1.14.0/client/assets/provider-icons
[debug] [2025-03-03T03:37:09.777Z] [unzip] deflating: /Users/kota.tomooka/.cache/firebase/emulators/ui-v1.14.0/client/assets/provider-icons/auth_service_saml.svg
[debug] [2025-03-03T03:37:09.778Z] [unzip] Entry: client/assets/provider-icons/auth_service_phone.svg (compressed_size=261 bytes, uncompressed_size=414 bytes)
[debug] [2025-03-03T03:37:09.778Z] [unzip] Processing entry: client/assets/provider-icons/auth_service_phone.svg
[debug] [2025-03-03T03:37:09.778Z] [unzip] else mkdir: /Users/kota.tomooka/.cache/firebase/emulators/ui-v1.14.0/client/assets/provider-icons
[debug] [2025-03-03T03:37:09.779Z] [unzip] deflating: /Users/kota.tomooka/.cache/firebase/emulators/ui-v1.14.0/client/assets/provider-icons/auth_service_phone.svg
[debug] [2025-03-03T03:37:09.780Z] [unzip] Entry: client/assets/provider-icons/auth_service_facebook.svg (compressed_size=289 bytes, uncompressed_size=457 bytes)
[debug] [2025-03-03T03:37:09.780Z] [unzip] Processing entry: client/assets/provider-icons/auth_service_facebook.svg
[debug] [2025-03-03T03:37:09.780Z] [unzip] else mkdir: /Users/kota.tomooka/.cache/firebase/emulators/ui-v1.14.0/client/assets/provider-icons
[debug] [2025-03-03T03:37:09.780Z] [unzip] deflating: /Users/kota.tomooka/.cache/firebase/emulators/ui-v1.14.0/client/assets/provider-icons/auth_service_facebook.svg
[debug] [2025-03-03T03:37:09.781Z] [unzip] Entry: client/assets/provider-icons/auth_service_game_center.svg (compressed_size=991 bytes, uncompressed_size=3921 bytes)
[debug] [2025-03-03T03:37:09.781Z] [unzip] Processing entry: client/assets/provider-icons/auth_service_game_center.svg
[debug] [2025-03-03T03:37:09.781Z] [unzip] else mkdir: /Users/kota.tomooka/.cache/firebase/emulators/ui-v1.14.0/client/assets/provider-icons
[debug] [2025-03-03T03:37:09.781Z] [unzip] deflating: /Users/kota.tomooka/.cache/firebase/emulators/ui-v1.14.0/client/assets/provider-icons/auth_service_game_center.svg
[debug] [2025-03-03T03:37:09.782Z] [unzip] Entry: client/assets/provider-icons/auth_service_apple.svg (compressed_size=230 bytes, uncompressed_size=334 bytes)
[debug] [2025-03-03T03:37:09.782Z] [unzip] Processing entry: client/assets/provider-icons/auth_service_apple.svg
[debug] [2025-03-03T03:37:09.782Z] [unzip] else mkdir: /Users/kota.tomooka/.cache/firebase/emulators/ui-v1.14.0/client/assets/provider-icons
[debug] [2025-03-03T03:37:09.782Z] [unzip] deflating: /Users/kota.tomooka/.cache/firebase/emulators/ui-v1.14.0/client/assets/provider-icons/auth_service_apple.svg
[debug] [2025-03-03T03:37:09.783Z] [unzip] Entry: client/assets/provider-icons/auth_service_github.svg (compressed_size=466 bytes, uncompressed_size=838 bytes)
[debug] [2025-03-03T03:37:09.783Z] [unzip] Processing entry: client/assets/provider-icons/auth_service_github.svg
[debug] [2025-03-03T03:37:09.783Z] [unzip] else mkdir: /Users/kota.tomooka/.cache/firebase/emulators/ui-v1.14.0/client/assets/provider-icons
[debug] [2025-03-03T03:37:09.783Z] [unzip] deflating: /Users/kota.tomooka/.cache/firebase/emulators/ui-v1.14.0/client/assets/provider-icons/auth_service_github.svg
[debug] [2025-03-03T03:37:09.784Z] [unzip] Entry: client/assets/provider-icons/auth_service_mslive.svg (compressed_size=203 bytes, uncompressed_size=378 bytes)
[debug] [2025-03-03T03:37:09.784Z] [unzip] Processing entry: client/assets/provider-icons/auth_service_mslive.svg
[debug] [2025-03-03T03:37:09.784Z] [unzip] else mkdir: /Users/kota.tomooka/.cache/firebase/emulators/ui-v1.14.0/client/assets/provider-icons
[debug] [2025-03-03T03:37:09.784Z] [unzip] deflating: /Users/kota.tomooka/.cache/firebase/emulators/ui-v1.14.0/client/assets/provider-icons/auth_service_mslive.svg
[debug] [2025-03-03T03:37:09.785Z] [unzip] Entry: client/assets/provider-icons/auth_service_yahoo.svg (compressed_size=577 bytes, uncompressed_size=1182 bytes)
[debug] [2025-03-03T03:37:09.785Z] [unzip] Processing entry: client/assets/provider-icons/auth_service_yahoo.svg
[debug] [2025-03-03T03:37:09.785Z] [unzip] else mkdir: /Users/kota.tomooka/.cache/firebase/emulators/ui-v1.14.0/client/assets/provider-icons
[debug] [2025-03-03T03:37:09.785Z] [unzip] deflating: /Users/kota.tomooka/.cache/firebase/emulators/ui-v1.14.0/client/assets/provider-icons/auth_service_yahoo.svg
[debug] [2025-03-03T03:37:09.786Z] [unzip] Entry: client/assets/provider-icons/auth_service_twitter.svg (compressed_size=444 bytes, uncompressed_size=751 bytes)
[debug] [2025-03-03T03:37:09.786Z] [unzip] Processing entry: client/assets/provider-icons/auth_service_twitter.svg
[debug] [2025-03-03T03:37:09.786Z] [unzip] else mkdir: /Users/kota.tomooka/.cache/firebase/emulators/ui-v1.14.0/client/assets/provider-icons
[debug] [2025-03-03T03:37:09.787Z] [unzip] deflating: /Users/kota.tomooka/.cache/firebase/emulators/ui-v1.14.0/client/assets/provider-icons/auth_service_twitter.svg
[debug] [2025-03-03T03:37:09.787Z] [unzip] Entry: client/assets/provider-icons/auth_service_play_games.svg (compressed_size=565 bytes, uncompressed_size=1173 bytes)
[debug] [2025-03-03T03:37:09.787Z] [unzip] Processing entry: client/assets/provider-icons/auth_service_play_games.svg
[debug] [2025-03-03T03:37:09.787Z] [unzip] else mkdir: /Users/kota.tomooka/.cache/firebase/emulators/ui-v1.14.0/client/assets/provider-icons
[debug] [2025-03-03T03:37:09.788Z] [unzip] deflating: /Users/kota.tomooka/.cache/firebase/emulators/ui-v1.14.0/client/assets/provider-icons/auth_service_play_games.svg
[debug] [2025-03-03T03:37:09.788Z] [unzip] Entry: client/assets/provider-icons/auth_service_email.svg (compressed_size=228 bytes, uncompressed_size=326 bytes)
[debug] [2025-03-03T03:37:09.789Z] [unzip] Processing entry: client/assets/provider-icons/auth_service_email.svg
[debug] [2025-03-03T03:37:09.789Z] [unzip] else mkdir: /Users/kota.tomooka/.cache/firebase/emulators/ui-v1.14.0/client/assets/provider-icons
[debug] [2025-03-03T03:37:09.790Z] [unzip] deflating: /Users/kota.tomooka/.cache/firebase/emulators/ui-v1.14.0/client/assets/provider-icons/auth_service_email.svg
[debug] [2025-03-03T03:37:09.791Z] [unzip] Entry: client/assets/provider-icons/auth_service_google.svg (compressed_size=409 bytes, uncompressed_size=720 bytes)
[debug] [2025-03-03T03:37:09.791Z] [unzip] Processing entry: client/assets/provider-icons/auth_service_google.svg
[debug] [2025-03-03T03:37:09.791Z] [unzip] else mkdir: /Users/kota.tomooka/.cache/firebase/emulators/ui-v1.14.0/client/assets/provider-icons
[debug] [2025-03-03T03:37:09.791Z] [unzip] deflating: /Users/kota.tomooka/.cache/firebase/emulators/ui-v1.14.0/client/assets/provider-icons/auth_service_google.svg
[debug] [2025-03-03T03:37:09.792Z] [unzip] Entry: client/assets/provider-icons/auth_service_oidc.svg (compressed_size=414 bytes, uncompressed_size=858 bytes)
[debug] [2025-03-03T03:37:09.792Z] [unzip] Processing entry: client/assets/provider-icons/auth_service_oidc.svg
[debug] [2025-03-03T03:37:09.792Z] [unzip] else mkdir: /Users/kota.tomooka/.cache/firebase/emulators/ui-v1.14.0/client/assets/provider-icons
[debug] [2025-03-03T03:37:09.792Z] [unzip] deflating: /Users/kota.tomooka/.cache/firebase/emulators/ui-v1.14.0/client/assets/provider-icons/auth_service_oidc.svg
[debug] [2025-03-03T03:37:09.793Z] [unzip] Entry: client/browserconfig.xml (compressed_size=491 bytes, uncompressed_size=822 bytes)
[debug] [2025-03-03T03:37:09.793Z] [unzip] Processing entry: client/browserconfig.xml
[debug] [2025-03-03T03:37:09.793Z] [unzip] else mkdir: /Users/kota.tomooka/.cache/firebase/emulators/ui-v1.14.0/client
[debug] [2025-03-03T03:37:09.793Z] [unzip] deflating: /Users/kota.tomooka/.cache/firebase/emulators/ui-v1.14.0/client/browserconfig.xml
[debug] [2025-03-03T03:37:09.794Z] [unzip] Entry: client/favicon-32x32.png (compressed_size=475 bytes, uncompressed_size=475 bytes)
[debug] [2025-03-03T03:37:09.794Z] [unzip] Processing entry: client/favicon-32x32.png
[debug] [2025-03-03T03:37:09.794Z] [unzip] else mkdir: /Users/kota.tomooka/.cache/firebase/emulators/ui-v1.14.0/client
[debug] [2025-03-03T03:37:09.794Z] [unzip] Writing file: /Users/kota.tomooka/.cache/firebase/emulators/ui-v1.14.0/client/favicon-32x32.png
[debug] [2025-03-03T03:37:09.795Z] [unzip] Entry: server/ (compressed_size=0 bytes, uncompressed_size=0 bytes)
[debug] [2025-03-03T03:37:09.795Z] [unzip] Processing entry: server/
[debug] [2025-03-03T03:37:09.795Z] [unzip] mkdir: /Users/kota.tomooka/.cache/firebase/emulators/ui-v1.14.0/server/
[debug] [2025-03-03T03:37:09.795Z] [unzip] Entry: server/server.mjs.map (compressed_size=296496 bytes, uncompressed_size=1355667 bytes)
[debug] [2025-03-03T03:37:09.795Z] [unzip] Processing entry: server/server.mjs.map
[debug] [2025-03-03T03:37:09.795Z] [unzip] else mkdir: /Users/kota.tomooka/.cache/firebase/emulators/ui-v1.14.0/server
[debug] [2025-03-03T03:37:09.795Z] [unzip] deflating: /Users/kota.tomooka/.cache/firebase/emulators/ui-v1.14.0/server/server.mjs.map
[debug] [2025-03-03T03:37:09.806Z] [unzip] Entry: server/server.mjs (compressed_size=315701 bytes, uncompressed_size=1172682 bytes)
[debug] [2025-03-03T03:37:09.806Z] [unzip] Processing entry: server/server.mjs
[debug] [2025-03-03T03:37:09.806Z] [unzip] else mkdir: /Users/kota.tomooka/.cache/firebase/emulators/ui-v1.14.0/server
[debug] [2025-03-03T03:37:09.806Z] [unzip] deflating: /Users/kota.tomooka/.cache/firebase/emulators/ui-v1.14.0/server/server.mjs
[debug] [2025-03-03T03:37:09.810Z] [unzip] Entry: server/assets/ (compressed_size=0 bytes, uncompressed_size=0 bytes)
[debug] [2025-03-03T03:37:09.811Z] [unzip] Processing entry: server/assets/
[debug] [2025-03-03T03:37:09.811Z] [unzip] mkdir: /Users/kota.tomooka/.cache/firebase/emulators/ui-v1.14.0/server/assets/
[debug] [2025-03-03T03:37:09.811Z] [unzip] Entry: server/assets/multipart-parser-DGCUZdXu.mjs.map (compressed_size=4791 bytes, uncompressed_size=17918 bytes)
[debug] [2025-03-03T03:37:09.811Z] [unzip] Processing entry: server/assets/multipart-parser-DGCUZdXu.mjs.map
[debug] [2025-03-03T03:37:09.811Z] [unzip] else mkdir: /Users/kota.tomooka/.cache/firebase/emulators/ui-v1.14.0/server/assets
[debug] [2025-03-03T03:37:09.811Z] [unzip] deflating: /Users/kota.tomooka/.cache/firebase/emulators/ui-v1.14.0/server/assets/multipart-parser-DGCUZdXu.mjs.map
[debug] [2025-03-03T03:37:09.811Z] [unzip] Entry: server/assets/multipart-parser-DGCUZdXu.mjs (compressed_size=2621 bytes, uncompressed_size=10390 bytes)
[debug] [2025-03-03T03:37:09.812Z] [unzip] Processing entry: server/assets/multipart-parser-DGCUZdXu.mjs
[debug] [2025-03-03T03:37:09.812Z] [unzip] else mkdir: /Users/kota.tomooka/.cache/firebase/emulators/ui-v1.14.0/server/assets
[debug] [2025-03-03T03:37:09.812Z] [unzip] deflating: /Users/kota.tomooka/.cache/firebase/emulators/ui-v1.14.0/server/assets/multipart-parser-DGCUZdXu.mjs
[info] i  ui: Removing outdated emulator files: ui-v1.11.7 {"metadata":{"emulator":{"name":"ui"},"message":"Removing outdated emulator files: ui-v1.11.7"}}
[info] i  ui: Removing outdated emulator files: ui-v1.11.7.zip {"metadata":{"emulator":{"name":"ui"},"message":"Removing outdated emulator files: ui-v1.11.7.zip"}}
[debug] [2025-03-03T03:37:09.828Z] Could not find VSCode notification endpoint: FetchError: request to http://localhost:40001/vscode/notify failed, reason: . If you are not running the Firebase Data Connect VSCode extension, this is expected and not an issue.
[info] 
┌─────────────────────────────────────────────────────────────┐
│ ✔  All emulators ready! It is now safe to connect your app. │
│ i  View Emulator UI at http://127.0.0.1:4000/               │
└─────────────────────────────────────────────────────────────┘

┌────────────────┬────────────────┬─────────────────────────────────┐
│ Emulator       │ Host:Port      │ View in Emulator UI             │
├────────────────┼────────────────┼─────────────────────────────────┤
│ Authentication │ 127.0.0.1:9099 │ http://127.0.0.1:4000/auth      │
├────────────────┼────────────────┼─────────────────────────────────┤
│ Firestore      │ 127.0.0.1:8080 │ http://127.0.0.1:4000/firestore │
├────────────────┼────────────────┼─────────────────────────────────┤
│ Storage        │ 127.0.0.1:9199 │ http://127.0.0.1:4000/storage   │
└────────────────┴────────────────┴─────────────────────────────────┘
  Emulator Hub host: 127.0.0.1 port: 4400
  Other reserved ports: 4500, 9150

Issues? Report them at https://github.com/firebase/firebase-tools/issues and attach the *-debug.log files.
 
